==1849== Memcheck, a memory error detector
==1849== Copyright (C) 2002-2022, and GNU GPL'd, by Julian Seward et al.
==1849== Using Valgrind-3.22.0.GIT-lbmacos and LibVEX; rerun with -h for copyright info
==1849== Command: ./name
==1849== Parent PID: 95922
==1849== 
==1849== Conditional jump or move depends on uninitialised value(s)
==1849==    at 0x1003CC8A4: __vfprintf (in /usr/lib/system/libsystem_c.dylib)
==1849==    by 0x1003F2AD2: __v2printf (in /usr/lib/system/libsystem_c.dylib)
==1849==    by 0x1003CB2B1: vfprintf_l (in /usr/lib/system/libsystem_c.dylib)
==1849==    by 0x1003C941D: printf (in /usr/lib/system/libsystem_c.dylib)
==1849==    by 0x100003C93: main (get_next_line.c:150)
==1849== 
==1849== Conditional jump or move depends on uninitialised value(s)
==1849==    at 0x1003CCF05: __vfprintf (in /usr/lib/system/libsystem_c.dylib)
==1849==    by 0x1003F2AD2: __v2printf (in /usr/lib/system/libsystem_c.dylib)
==1849==    by 0x1003CB2B1: vfprintf_l (in /usr/lib/system/libsystem_c.dylib)
==1849==    by 0x1003C941D: printf (in /usr/lib/system/libsystem_c.dylib)
==1849==    by 0x100003C93: main (get_next_line.c:150)
==1849== 
==1849== Conditional jump or move depends on uninitialised value(s)
==1849==    at 0x1003CCF2E: __vfprintf (in /usr/lib/system/libsystem_c.dylib)
==1849==    by 0x1003F2AD2: __v2printf (in /usr/lib/system/libsystem_c.dylib)
==1849==    by 0x1003CB2B1: vfprintf_l (in /usr/lib/system/libsystem_c.dylib)
==1849==    by 0x1003C941D: printf (in /usr/lib/system/libsystem_c.dylib)
==1849==    by 0x100003C93: main (get_next_line.c:150)
==1849== 
==1849== Conditional jump or move depends on uninitialised value(s)
==1849==    at 0x1003CD1CA: __vfprintf (in /usr/lib/system/libsystem_c.dylib)
==1849==    by 0x1003F2AD2: __v2printf (in /usr/lib/system/libsystem_c.dylib)
==1849==    by 0x1003CB2B1: vfprintf_l (in /usr/lib/system/libsystem_c.dylib)
==1849==    by 0x1003C941D: printf (in /usr/lib/system/libsystem_c.dylib)
==1849==    by 0x100003C93: main (get_next_line.c:150)
==1849== 
==1849== Conditional jump or move depends on uninitialised value(s)
==1849==    at 0x1003CDCB7: __vfprintf (in /usr/lib/system/libsystem_c.dylib)
==1849==    by 0x1003F2AD2: __v2printf (in /usr/lib/system/libsystem_c.dylib)
==1849==    by 0x1003CB2B1: vfprintf_l (in /usr/lib/system/libsystem_c.dylib)
==1849==    by 0x1003C941D: printf (in /usr/lib/system/libsystem_c.dylib)
==1849==    by 0x100003C93: main (get_next_line.c:150)
==1849== 
==1849== Conditional jump or move depends on uninitialised value(s)
==1849==    at 0x1003C556C: __sfvwrite (in /usr/lib/system/libsystem_c.dylib)
==1849==    by 0x1003CDCCB: __vfprintf (in /usr/lib/system/libsystem_c.dylib)
==1849==    by 0x1003F2AD2: __v2printf (in /usr/lib/system/libsystem_c.dylib)
==1849==    by 0x1003CB2B1: vfprintf_l (in /usr/lib/system/libsystem_c.dylib)
==1849==    by 0x1003C941D: printf (in /usr/lib/system/libsystem_c.dylib)
==1849==    by 0x100003C93: main (get_next_line.c:150)
==1849== 
==1849== Conditional jump or move depends on uninitialised value(s)
==1849==    at 0x1003C578A: __sfvwrite (in /usr/lib/system/libsystem_c.dylib)
==1849==    by 0x1003CDCCB: __vfprintf (in /usr/lib/system/libsystem_c.dylib)
==1849==    by 0x1003F2AD2: __v2printf (in /usr/lib/system/libsystem_c.dylib)
==1849==    by 0x1003CB2B1: vfprintf_l (in /usr/lib/system/libsystem_c.dylib)
==1849==    by 0x1003C941D: printf (in /usr/lib/system/libsystem_c.dylib)
==1849==    by 0x100003C93: main (get_next_line.c:150)
==1849== 
==1849== Conditional jump or move depends on uninitialised value(s)
==1849==    at 0x10012A02B: _platform_memchr$VARIANT$Haswell (in /goinfre/ohaida/.brew/Cellar/valgrind/HEAD-d14be1d/libexec/valgrind/vgpreload_memcheck-amd64-darwin.so)
==1849==    by 0x1003C57B4: __sfvwrite (in /usr/lib/system/libsystem_c.dylib)
==1849==    by 0x1003CDCCB: __vfprintf (in /usr/lib/system/libsystem_c.dylib)
==1849==    by 0x1003F2AD2: __v2printf (in /usr/lib/system/libsystem_c.dylib)
==1849==    by 0x1003CB2B1: vfprintf_l (in /usr/lib/system/libsystem_c.dylib)
==1849==    by 0x1003C941D: printf (in /usr/lib/system/libsystem_c.dylib)
==1849==    by 0x100003C93: main (get_next_line.c:150)
==1849== 
==1849== Conditional jump or move depends on uninitialised value(s)
==1849==    at 0x10012A03B: _platform_memchr$VARIANT$Haswell (in /goinfre/ohaida/.brew/Cellar/valgrind/HEAD-d14be1d/libexec/valgrind/vgpreload_memcheck-amd64-darwin.so)
==1849==    by 0x1003C57B4: __sfvwrite (in /usr/lib/system/libsystem_c.dylib)
==1849==    by 0x1003CDCCB: __vfprintf (in /usr/lib/system/libsystem_c.dylib)
==1849==    by 0x1003F2AD2: __v2printf (in /usr/lib/system/libsystem_c.dylib)
==1849==    by 0x1003CB2B1: vfprintf_l (in /usr/lib/system/libsystem_c.dylib)
==1849==    by 0x1003C941D: printf (in /usr/lib/system/libsystem_c.dylib)
==1849==    by 0x100003C93: main (get_next_line.c:150)
==1849== 
==1849== Conditional jump or move depends on uninitialised value(s)
==1849==    at 0x1003C5825: __sfvwrite (in /usr/lib/system/libsystem_c.dylib)
==1849==    by 0x1003CDCCB: __vfprintf (in /usr/lib/system/libsystem_c.dylib)
==1849==    by 0x1003F2AD2: __v2printf (in /usr/lib/system/libsystem_c.dylib)
==1849==    by 0x1003CB2B1: vfprintf_l (in /usr/lib/system/libsystem_c.dylib)
==1849==    by 0x1003C941D: printf (in /usr/lib/system/libsystem_c.dylib)
==1849==    by 0x100003C93: main (get_next_line.c:150)
==1849== 
==1849== Conditional jump or move depends on uninitialised value(s)
==1849==    at 0x100617910: _platform_memmove$VARIANT$Haswell (in /usr/lib/system/libsystem_platform.dylib)
==1849==    by 0x1003C5834: __sfvwrite (in /usr/lib/system/libsystem_c.dylib)
==1849==    by 0x1003CDCCB: __vfprintf (in /usr/lib/system/libsystem_c.dylib)
==1849==    by 0x1003F2AD2: __v2printf (in /usr/lib/system/libsystem_c.dylib)
==1849==    by 0x1003CB2B1: vfprintf_l (in /usr/lib/system/libsystem_c.dylib)
==1849==    by 0x1003C941D: printf (in /usr/lib/system/libsystem_c.dylib)
==1849==    by 0x100003C93: main (get_next_line.c:150)
==1849== 
==1849== Conditional jump or move depends on uninitialised value(s)
==1849==    at 0x100617916: _platform_memmove$VARIANT$Haswell (in /usr/lib/system/libsystem_platform.dylib)
==1849==    by 0x1003C5834: __sfvwrite (in /usr/lib/system/libsystem_c.dylib)
==1849==    by 0x1003CDCCB: __vfprintf (in /usr/lib/system/libsystem_c.dylib)
==1849==    by 0x1003F2AD2: __v2printf (in /usr/lib/system/libsystem_c.dylib)
==1849==    by 0x1003CB2B1: vfprintf_l (in /usr/lib/system/libsystem_c.dylib)
==1849==    by 0x1003C941D: printf (in /usr/lib/system/libsystem_c.dylib)
==1849==    by 0x100003C93: main (get_next_line.c:150)
==1849== 
==1849== Conditional jump or move depends on uninitialised value(s)
==1849==    at 0x10061791F: _platform_memmove$VARIANT$Haswell (in /usr/lib/system/libsystem_platform.dylib)
==1849==    by 0x1003C5834: __sfvwrite (in /usr/lib/system/libsystem_c.dylib)
==1849==    by 0x1003CDCCB: __vfprintf (in /usr/lib/system/libsystem_c.dylib)
==1849==    by 0x1003F2AD2: __v2printf (in /usr/lib/system/libsystem_c.dylib)
==1849==    by 0x1003CB2B1: vfprintf_l (in /usr/lib/system/libsystem_c.dylib)
==1849==    by 0x1003C941D: printf (in /usr/lib/system/libsystem_c.dylib)
==1849==    by 0x100003C93: main (get_next_line.c:150)
==1849== 
==1849== Conditional jump or move depends on uninitialised value(s)
==1849==    at 0x100617A24: _platform_memmove$VARIANT$Haswell (in /usr/lib/system/libsystem_platform.dylib)
==1849==    by 0x1003C5834: __sfvwrite (in /usr/lib/system/libsystem_c.dylib)
==1849==    by 0x1003CDCCB: __vfprintf (in /usr/lib/system/libsystem_c.dylib)
==1849==    by 0x1003F2AD2: __v2printf (in /usr/lib/system/libsystem_c.dylib)
==1849==    by 0x1003CB2B1: vfprintf_l (in /usr/lib/system/libsystem_c.dylib)
==1849==    by 0x1003C941D: printf (in /usr/lib/system/libsystem_c.dylib)
==1849==    by 0x100003C93: main (get_next_line.c:150)
==1849== 
==1849== Use of uninitialised value of size 8
==1849==    at 0x100617A80: _platform_memmove$VARIANT$Haswell (in /usr/lib/system/libsystem_platform.dylib)
==1849==    by 0x1003C5834: __sfvwrite (in /usr/lib/system/libsystem_c.dylib)
==1849==    by 0x1003CDCCB: __vfprintf (in /usr/lib/system/libsystem_c.dylib)
==1849==    by 0x1003F2AD2: __v2printf (in /usr/lib/system/libsystem_c.dylib)
==1849==    by 0x1003CB2B1: vfprintf_l (in /usr/lib/system/libsystem_c.dylib)
==1849==    by 0x1003C941D: printf (in /usr/lib/system/libsystem_c.dylib)
==1849==    by 0x100003C93: main (get_next_line.c:150)
==1849== 
==1849== Use of uninitialised value of size 8
==1849==    at 0x100617A9C: _platform_memmove$VARIANT$Haswell (in /usr/lib/system/libsystem_platform.dylib)
==1849==    by 0x1003C5834: __sfvwrite (in /usr/lib/system/libsystem_c.dylib)
==1849==    by 0x1003CDCCB: __vfprintf (in /usr/lib/system/libsystem_c.dylib)
==1849==    by 0x1003F2AD2: __v2printf (in /usr/lib/system/libsystem_c.dylib)
==1849==    by 0x1003CB2B1: vfprintf_l (in /usr/lib/system/libsystem_c.dylib)
==1849==    by 0x1003C941D: printf (in /usr/lib/system/libsystem_c.dylib)
==1849==    by 0x100003C93: main (get_next_line.c:150)
==1849== 
==1849== Conditional jump or move depends on uninitialised value(s)
==1849==    at 0x1003C5866: __sfvwrite (in /usr/lib/system/libsystem_c.dylib)
==1849==    by 0x1003CDCCB: __vfprintf (in /usr/lib/system/libsystem_c.dylib)
==1849==    by 0x1003F2AD2: __v2printf (in /usr/lib/system/libsystem_c.dylib)
==1849==    by 0x1003CB2B1: vfprintf_l (in /usr/lib/system/libsystem_c.dylib)
==1849==    by 0x1003C941D: printf (in /usr/lib/system/libsystem_c.dylib)
==1849==    by 0x100003C93: main (get_next_line.c:150)
==1849== 
==1849== Conditional jump or move depends on uninitialised value(s)
==1849==    at 0x1003C30B3: __sflush (in /usr/lib/system/libsystem_c.dylib)
==1849==    by 0x1003C586F: __sfvwrite (in /usr/lib/system/libsystem_c.dylib)
==1849==    by 0x1003CDCCB: __vfprintf (in /usr/lib/system/libsystem_c.dylib)
==1849==    by 0x1003F2AD2: __v2printf (in /usr/lib/system/libsystem_c.dylib)
==1849==    by 0x1003CB2B1: vfprintf_l (in /usr/lib/system/libsystem_c.dylib)
==1849==    by 0x1003C941D: printf (in /usr/lib/system/libsystem_c.dylib)
==1849==    by 0x100003C93: main (get_next_line.c:150)
==1849== 
==1849== Syscall param write(count) contains uninitialised byte(s)
==1849==    at 0x1005CEE56: write$NOCANCEL (in /usr/lib/system/libsystem_kernel.dylib)
==1849==    by 0x1003CA36F: _swrite (in /usr/lib/system/libsystem_c.dylib)
==1849==    by 0x1003C30C6: __sflush (in /usr/lib/system/libsystem_c.dylib)
==1849==    by 0x1003C586F: __sfvwrite (in /usr/lib/system/libsystem_c.dylib)
==1849==    by 0x1003CDCCB: __vfprintf (in /usr/lib/system/libsystem_c.dylib)
==1849==    by 0x1003F2AD2: __v2printf (in /usr/lib/system/libsystem_c.dylib)
==1849==    by 0x1003CB2B1: vfprintf_l (in /usr/lib/system/libsystem_c.dylib)
==1849==    by 0x1003C941D: printf (in /usr/lib/system/libsystem_c.dylib)
==1849==    by 0x100003C93: main (get_next_line.c:150)
==1849== 
==1849== Conditional jump or move depends on uninitialised value(s)
==1849==    at 0x1003C30D8: __sflush (in /usr/lib/system/libsystem_c.dylib)
==1849==    by 0x1003C586F: __sfvwrite (in /usr/lib/system/libsystem_c.dylib)
==1849==    by 0x1003CDCCB: __vfprintf (in /usr/lib/system/libsystem_c.dylib)
==1849==    by 0x1003F2AD2: __v2printf (in /usr/lib/system/libsystem_c.dylib)
==1849==    by 0x1003CB2B1: vfprintf_l (in /usr/lib/system/libsystem_c.dylib)
==1849==    by 0x1003C941D: printf (in /usr/lib/system/libsystem_c.dylib)
==1849==    by 0x100003C93: main (get_next_line.c:150)
==1849== 
==1849== Conditional jump or move depends on uninitialised value(s)
==1849==    at 0x1003C5890: __sfvwrite (in /usr/lib/system/libsystem_c.dylib)
==1849==    by 0x1003CDCCB: __vfprintf (in /usr/lib/system/libsystem_c.dylib)
==1849==    by 0x1003F2AD2: __v2printf (in /usr/lib/system/libsystem_c.dylib)
==1849==    by 0x1003CB2B1: vfprintf_l (in /usr/lib/system/libsystem_c.dylib)
==1849==    by 0x1003C941D: printf (in /usr/lib/system/libsystem_c.dylib)
==1849==    by 0x100003C93: main (get_next_line.c:150)
==1849== 
==1849== Conditional jump or move depends on uninitialised value(s)
==1849==    at 0x100617E92: _platform_strlen (in /usr/lib/system/libsystem_platform.dylib)
==1849==    by 0x1003CC890: __vfprintf (in /usr/lib/system/libsystem_c.dylib)
==1849==    by 0x1003F2AD2: __v2printf (in /usr/lib/system/libsystem_c.dylib)
==1849==    by 0x1003CB2B1: vfprintf_l (in /usr/lib/system/libsystem_c.dylib)
==1849==    by 0x1003C941D: printf (in /usr/lib/system/libsystem_c.dylib)
==1849==    by 0x100003CBB: main (get_next_line.c:154)
==1849== 
==1849== Conditional jump or move depends on uninitialised value(s)
==1849==    at 0x10061794B: _platform_memmove$VARIANT$Haswell (in /usr/lib/system/libsystem_platform.dylib)
==1849==    by 0x1003C5834: __sfvwrite (in /usr/lib/system/libsystem_c.dylib)
==1849==    by 0x1003CDCCB: __vfprintf (in /usr/lib/system/libsystem_c.dylib)
==1849==    by 0x1003F2AD2: __v2printf (in /usr/lib/system/libsystem_c.dylib)
==1849==    by 0x1003CB2B1: vfprintf_l (in /usr/lib/system/libsystem_c.dylib)
==1849==    by 0x1003C941D: printf (in /usr/lib/system/libsystem_c.dylib)
==1849==    by 0x100003CCF: main (get_next_line.c:156)
==1849== 
==1849== Use of uninitialised value of size 8
==1849==    at 0x10061794D: _platform_memmove$VARIANT$Haswell (in /usr/lib/system/libsystem_platform.dylib)
==1849==    by 0x1003C5834: __sfvwrite (in /usr/lib/system/libsystem_c.dylib)
==1849==    by 0x1003CDCCB: __vfprintf (in /usr/lib/system/libsystem_c.dylib)
==1849==    by 0x1003F2AD2: __v2printf (in /usr/lib/system/libsystem_c.dylib)
==1849==    by 0x1003CB2B1: vfprintf_l (in /usr/lib/system/libsystem_c.dylib)
==1849==    by 0x1003C941D: printf (in /usr/lib/system/libsystem_c.dylib)
==1849==    by 0x100003CCF: main (get_next_line.c:156)
==1849== 
==1849== Conditional jump or move depends on uninitialised value(s)
==1849==    at 0x100617957: _platform_memmove$VARIANT$Haswell (in /usr/lib/system/libsystem_platform.dylib)
==1849==    by 0x1003C5834: __sfvwrite (in /usr/lib/system/libsystem_c.dylib)
==1849==    by 0x1003CDCCB: __vfprintf (in /usr/lib/system/libsystem_c.dylib)
==1849==    by 0x1003F2AD2: __v2printf (in /usr/lib/system/libsystem_c.dylib)
==1849==    by 0x1003CB2B1: vfprintf_l (in /usr/lib/system/libsystem_c.dylib)
==1849==    by 0x1003C941D: printf (in /usr/lib/system/libsystem_c.dylib)
==1849==    by 0x100003CCF: main (get_next_line.c:156)
==1849== 
==1849== Conditional jump or move depends on uninitialised value(s)
==1849==    at 0x10061796D: _platform_memmove$VARIANT$Haswell (in /usr/lib/system/libsystem_platform.dylib)
==1849==    by 0x1003C5834: __sfvwrite (in /usr/lib/system/libsystem_c.dylib)
==1849==    by 0x1003CDCCB: __vfprintf (in /usr/lib/system/libsystem_c.dylib)
==1849==    by 0x1003F2AD2: __v2printf (in /usr/lib/system/libsystem_c.dylib)
==1849==    by 0x1003CB2B1: vfprintf_l (in /usr/lib/system/libsystem_c.dylib)
==1849==    by 0x1003C941D: printf (in /usr/lib/system/libsystem_c.dylib)
==1849==    by 0x100003CCF: main (get_next_line.c:156)
==1849== 
==1849== Conditional jump or move depends on uninitialised value(s)
==1849==    at 0x100617987: _platform_memmove$VARIANT$Haswell (in /usr/lib/system/libsystem_platform.dylib)
==1849==    by 0x1003C5834: __sfvwrite (in /usr/lib/system/libsystem_c.dylib)
==1849==    by 0x1003CDCCB: __vfprintf (in /usr/lib/system/libsystem_c.dylib)
==1849==    by 0x1003F2AD2: __v2printf (in /usr/lib/system/libsystem_c.dylib)
==1849==    by 0x1003CB2B1: vfprintf_l (in /usr/lib/system/libsystem_c.dylib)
==1849==    by 0x1003C941D: printf (in /usr/lib/system/libsystem_c.dylib)
==1849==    by 0x100003CCF: main (get_next_line.c:156)
==1849== 
==1849== Use of uninitialised value of size 8
==1849==    at 0x100617995: _platform_memmove$VARIANT$Haswell (in /usr/lib/system/libsystem_platform.dylib)
==1849==    by 0x1003C5834: __sfvwrite (in /usr/lib/system/libsystem_c.dylib)
==1849==    by 0x1003CDCCB: __vfprintf (in /usr/lib/system/libsystem_c.dylib)
==1849==    by 0x1003F2AD2: __v2printf (in /usr/lib/system/libsystem_c.dylib)
==1849==    by 0x1003CB2B1: vfprintf_l (in /usr/lib/system/libsystem_c.dylib)
==1849==    by 0x1003C941D: printf (in /usr/lib/system/libsystem_c.dylib)
==1849==    by 0x100003CCF: main (get_next_line.c:156)
==1849== 
==1849== 
==1849== HEAP SUMMARY:
==1849==     in use at exit: 18,891 bytes in 178 blocks
==1849==   total heap usage: 246 allocs, 68 frees, 25,125 bytes allocated
==1849== 
==1849== 1 bytes in 1 blocks are definitely lost in loss record 1 of 60
==1849==    at 0x100124505: malloc (in /goinfre/ohaida/.brew/Cellar/valgrind/HEAD-d14be1d/libexec/valgrind/vgpreload_memcheck-amd64-darwin.so)
==1849==    by 0x100003E76: ft_strjoin (get_next_line_utils.c:58)
==1849==    by 0x100003AFE: get_next_line (get_next_line.c:101)
==1849==    by 0x100003CFE: main (get_next_line.c:161)
==1849== 
==1849== 31 bytes in 1 blocks are definitely lost in loss record 6 of 60
==1849==    at 0x100128808: calloc (in /goinfre/ohaida/.brew/Cellar/valgrind/HEAD-d14be1d/libexec/valgrind/vgpreload_memcheck-amd64-darwin.so)
==1849==    by 0x100003ACE: get_next_line (get_next_line.c:96)
==1849==    by 0x100003C9A: main (get_next_line.c:151)
==1849== 
==1849== 31 bytes in 1 blocks are definitely lost in loss record 7 of 60
==1849==    at 0x100128808: calloc (in /goinfre/ohaida/.brew/Cellar/valgrind/HEAD-d14be1d/libexec/valgrind/vgpreload_memcheck-amd64-darwin.so)
==1849==    by 0x100003ACE: get_next_line (get_next_line.c:96)
==1849==    by 0x100003CAE: main (get_next_line.c:153)
==1849== 
==1849== 31 bytes in 1 blocks are definitely lost in loss record 8 of 60
==1849==    at 0x100128808: calloc (in /goinfre/ohaida/.brew/Cellar/valgrind/HEAD-d14be1d/libexec/valgrind/vgpreload_memcheck-amd64-darwin.so)
==1849==    by 0x100003ACE: get_next_line (get_next_line.c:96)
==1849==    by 0x100003CC2: main (get_next_line.c:155)
==1849== 
==1849== 31 bytes in 1 blocks are definitely lost in loss record 9 of 60
==1849==    at 0x100128808: calloc (in /goinfre/ohaida/.brew/Cellar/valgrind/HEAD-d14be1d/libexec/valgrind/vgpreload_memcheck-amd64-darwin.so)
==1849==    by 0x100003ACE: get_next_line (get_next_line.c:96)
==1849==    by 0x100003CD6: main (get_next_line.c:157)
==1849== 
==1849== 31 bytes in 1 blocks are definitely lost in loss record 10 of 60
==1849==    at 0x100128808: calloc (in /goinfre/ohaida/.brew/Cellar/valgrind/HEAD-d14be1d/libexec/valgrind/vgpreload_memcheck-amd64-darwin.so)
==1849==    by 0x100003ACE: get_next_line (get_next_line.c:96)
==1849==    by 0x100003CEA: main (get_next_line.c:159)
==1849== 
==1849== 31 bytes in 1 blocks are definitely lost in loss record 11 of 60
==1849==    at 0x100128808: calloc (in /goinfre/ohaida/.brew/Cellar/valgrind/HEAD-d14be1d/libexec/valgrind/vgpreload_memcheck-amd64-darwin.so)
==1849==    by 0x100003ACE: get_next_line (get_next_line.c:96)
==1849==    by 0x100003CFE: main (get_next_line.c:161)
==1849== 
==1849== 31 bytes in 1 blocks are definitely lost in loss record 12 of 60
==1849==    at 0x100128808: calloc (in /goinfre/ohaida/.brew/Cellar/valgrind/HEAD-d14be1d/libexec/valgrind/vgpreload_memcheck-amd64-darwin.so)
==1849==    by 0x100003ACE: get_next_line (get_next_line.c:96)
==1849==    by 0x100003D12: main (get_next_line.c:163)
==1849== 
==1849== 31 bytes in 1 blocks are definitely lost in loss record 13 of 60
==1849==    at 0x100128808: calloc (in /goinfre/ohaida/.brew/Cellar/valgrind/HEAD-d14be1d/libexec/valgrind/vgpreload_memcheck-amd64-darwin.so)
==1849==    by 0x100003ACE: get_next_line (get_next_line.c:96)
==1849==    by 0x100003D26: main (get_next_line.c:165)
==1849== 
==1849== 31 bytes in 1 blocks are definitely lost in loss record 14 of 60
==1849==    at 0x100128808: calloc (in /goinfre/ohaida/.brew/Cellar/valgrind/HEAD-d14be1d/libexec/valgrind/vgpreload_memcheck-amd64-darwin.so)
==1849==    by 0x100003ACE: get_next_line (get_next_line.c:96)
==1849==    by 0x100003D3A: main (get_next_line.c:167)
==1849== 
==1849== 31 bytes in 1 blocks are definitely lost in loss record 15 of 60
==1849==    at 0x100128808: calloc (in /goinfre/ohaida/.brew/Cellar/valgrind/HEAD-d14be1d/libexec/valgrind/vgpreload_memcheck-amd64-darwin.so)
==1849==    by 0x100003ACE: get_next_line (get_next_line.c:96)
==1849==    by 0x100003D4E: main (get_next_line.c:169)
==1849== 
==1849== 31 bytes in 1 blocks are definitely lost in loss record 16 of 60
==1849==    at 0x100128808: calloc (in /goinfre/ohaida/.brew/Cellar/valgrind/HEAD-d14be1d/libexec/valgrind/vgpreload_memcheck-amd64-darwin.so)
==1849==    by 0x100003ACE: get_next_line (get_next_line.c:96)
==1849==    by 0x100003D62: main (get_next_line.c:171)
==1849== 
==1849== 31 bytes in 1 blocks are definitely lost in loss record 17 of 60
==1849==    at 0x100128808: calloc (in /goinfre/ohaida/.brew/Cellar/valgrind/HEAD-d14be1d/libexec/valgrind/vgpreload_memcheck-amd64-darwin.so)
==1849==    by 0x100003ACE: get_next_line (get_next_line.c:96)
==1849==    by 0x100003D76: main (get_next_line.c:173)
==1849== 
==1849== 32 bytes in 1 blocks are definitely lost in loss record 26 of 60
==1849==    at 0x100128808: calloc (in /goinfre/ohaida/.brew/Cellar/valgrind/HEAD-d14be1d/libexec/valgrind/vgpreload_memcheck-amd64-darwin.so)
==1849==    by 0x1007045F3: objc::DenseMap<objc_class*, objc_class*, objc::DenseMapValueInfo<objc_class*>, objc::DenseMapInfo<objc_class*>, objc::detail::DenseMapPair<objc_class*, objc_class*> >::grow(unsigned int) (in /usr/lib/libobjc.A.dylib)
==1849==    by 0x10070469F: objc_class::mangledName() (in /usr/lib/libobjc.A.dylib)
==1849==    by 0x1006F0406: objc_opt::objc_stringhash_t::getIndex(char const*) const (in /usr/lib/libobjc.A.dylib)
==1849==    by 0x1007002D0: unmap_image (in /usr/lib/libobjc.A.dylib)
==1849==    by 0x100015667: dyld::notifyBatchPartial(dyld_image_states, bool, char const* (*)(dyld_image_states, unsigned int, dyld_image_info const*), bool, bool) (in /usr/lib/dyld)
==1849==    by 0x100015808: dyld::registerObjCNotifiers(void (*)(unsigned int, char const* const*, mach_header const* const*), void (*)(char const*, mach_header const*), void (*)(char const*, mach_header const*)) (in /usr/lib/dyld)
==1849==    by 0x1002C9AD0: _dyld_objc_notify_register (in /usr/lib/system/libdyld.dylib)
==1849==    by 0x1006EEDAF: map_images_nolock (in /usr/lib/libobjc.A.dylib)
==1849==    by 0x10024BF38: _os_object_init (in /usr/lib/system/libdispatch.dylib)
==1849==    by 0x1002580E7: libdispatch_init (in /usr/lib/system/libdispatch.dylib)
==1849==    by 0x10013B790: libSystem_initializer (in /usr/lib/libSystem.B.dylib)
==1849== 
==1849== 32 bytes in 1 blocks are definitely lost in loss record 27 of 60
==1849==    at 0x100128808: calloc (in /goinfre/ohaida/.brew/Cellar/valgrind/HEAD-d14be1d/libexec/valgrind/vgpreload_memcheck-amd64-darwin.so)
==1849==    by 0x1007045F3: objc::DenseMap<objc_class*, objc_class*, objc::DenseMapValueInfo<objc_class*>, objc::DenseMapInfo<objc_class*>, objc::detail::DenseMapPair<objc_class*, objc_class*> >::grow(unsigned int) (in /usr/lib/libobjc.A.dylib)
==1849==    by 0x1007046C6: objc_class::mangledName() (in /usr/lib/libobjc.A.dylib)
==1849==    by 0x10070469F: objc_class::mangledName() (in /usr/lib/libobjc.A.dylib)
==1849==    by 0x1006F0406: objc_opt::objc_stringhash_t::getIndex(char const*) const (in /usr/lib/libobjc.A.dylib)
==1849==    by 0x1007002D0: unmap_image (in /usr/lib/libobjc.A.dylib)
==1849==    by 0x100015667: dyld::notifyBatchPartial(dyld_image_states, bool, char const* (*)(dyld_image_states, unsigned int, dyld_image_info const*), bool, bool) (in /usr/lib/dyld)
==1849==    by 0x100015808: dyld::registerObjCNotifiers(void (*)(unsigned int, char const* const*, mach_header const* const*), void (*)(char const*, mach_header const*), void (*)(char const*, mach_header const*)) (in /usr/lib/dyld)
==1849==    by 0x1002C9AD0: _dyld_objc_notify_register (in /usr/lib/system/libdyld.dylib)
==1849==    by 0x1006EEDAF: map_images_nolock (in /usr/lib/libobjc.A.dylib)
==1849==    by 0x10024BF38: _os_object_init (in /usr/lib/system/libdispatch.dylib)
==1849==    by 0x1002580E7: libdispatch_init (in /usr/lib/system/libdispatch.dylib)
==1849== 
==1849== 34 bytes in 1 blocks are definitely lost in loss record 28 of 60
==1849==    at 0x100128808: calloc (in /goinfre/ohaida/.brew/Cellar/valgrind/HEAD-d14be1d/libexec/valgrind/vgpreload_memcheck-amd64-darwin.so)
==1849==    by 0x100003B2E: get_next_line (get_next_line.c:103)
==1849==    by 0x100003C9A: main (get_next_line.c:151)
==1849== 
==1849== 80 (16 direct, 64 indirect) bytes in 1 blocks are definitely lost in loss record 34 of 60
==1849==    at 0x100124505: malloc (in /goinfre/ohaida/.brew/Cellar/valgrind/HEAD-d14be1d/libexec/valgrind/vgpreload_memcheck-amd64-darwin.so)
==1849==    by 0x1003E8FA3: _owned_ptr_alloc (in /usr/lib/system/libsystem_c.dylib)
==1849==    by 0x1003E9675: setenv (in /usr/lib/system/libsystem_c.dylib)
==1849==    by 0x10068B346: _libxpc_initializer (in /usr/lib/system/libxpc.dylib)
==1849==    by 0x10013B7A0: libSystem_initializer (in /usr/lib/libSystem.B.dylib)
==1849==    by 0x10002B352: ImageLoaderMachO::doModInitFunctions(ImageLoader::LinkContext const&) (in /usr/lib/dyld)
==1849==    by 0x10002B75D: ImageLoaderMachO::doInitialization(ImageLoader::LinkContext const&) (in /usr/lib/dyld)
==1849==    by 0x10002617A: ImageLoader::recursiveInitialization(ImageLoader::LinkContext const&, unsigned int, char const*, ImageLoader::InitializerTimingList&, ImageLoader::UninitedUpwards&) (in /usr/lib/dyld)
==1849==    by 0x1000260E5: ImageLoader::recursiveInitialization(ImageLoader::LinkContext const&, unsigned int, char const*, ImageLoader::InitializerTimingList&, ImageLoader::UninitedUpwards&) (in /usr/lib/dyld)
==1849==    by 0x100024233: ImageLoader::processInitializers(ImageLoader::LinkContext const&, unsigned int, ImageLoader::InitializerTimingList&, ImageLoader::UninitedUpwards&) (in /usr/lib/dyld)
==1849==    by 0x1000242D3: ImageLoader::runInitializers(ImageLoader::LinkContext const&, ImageLoader::InitializerTimingList&) (in /usr/lib/dyld)
==1849==    by 0x100012661: dyld::initializeMainExecutable() (in /usr/lib/dyld)
==1849== 
==1849== 104 bytes in 1 blocks are definitely lost in loss record 37 of 60
==1849==    at 0x100124505: malloc (in /goinfre/ohaida/.brew/Cellar/valgrind/HEAD-d14be1d/libexec/valgrind/vgpreload_memcheck-amd64-darwin.so)
==1849==    by 0x100003B64: get_next_line (get_next_line.c:108)
==1849==    by 0x100003CEA: main (get_next_line.c:159)
==1849== 
==1849== 110 bytes in 1 blocks are definitely lost in loss record 38 of 60
==1849==    at 0x100124505: malloc (in /goinfre/ohaida/.brew/Cellar/valgrind/HEAD-d14be1d/libexec/valgrind/vgpreload_memcheck-amd64-darwin.so)
==1849==    by 0x100003B64: get_next_line (get_next_line.c:108)
==1849==    by 0x100003CD6: main (get_next_line.c:157)
==1849== 
==1849== 114 bytes in 1 blocks are definitely lost in loss record 39 of 60
==1849==    at 0x100124505: malloc (in /goinfre/ohaida/.brew/Cellar/valgrind/HEAD-d14be1d/libexec/valgrind/vgpreload_memcheck-amd64-darwin.so)
==1849==    by 0x100003B64: get_next_line (get_next_line.c:108)
==1849==    by 0x100003CC2: main (get_next_line.c:155)
==1849== 
==1849== 121 bytes in 1 blocks are definitely lost in loss record 40 of 60
==1849==    at 0x100124505: malloc (in /goinfre/ohaida/.brew/Cellar/valgrind/HEAD-d14be1d/libexec/valgrind/vgpreload_memcheck-amd64-darwin.so)
==1849==    by 0x100003B64: get_next_line (get_next_line.c:108)
==1849==    by 0x100003C7F: main (get_next_line.c:149)
==1849== 
==1849== 123 bytes in 1 blocks are definitely lost in loss record 41 of 60
==1849==    at 0x100124505: malloc (in /goinfre/ohaida/.brew/Cellar/valgrind/HEAD-d14be1d/libexec/valgrind/vgpreload_memcheck-amd64-darwin.so)
==1849==    by 0x100003B64: get_next_line (get_next_line.c:108)
==1849==    by 0x100003CAE: main (get_next_line.c:153)
==1849== 
==1849== 128 bytes in 1 blocks are definitely lost in loss record 43 of 60
==1849==    at 0x100128808: calloc (in /goinfre/ohaida/.brew/Cellar/valgrind/HEAD-d14be1d/libexec/valgrind/vgpreload_memcheck-amd64-darwin.so)
==1849==    by 0x1006F3667: objc_msgSend_stret (in /usr/lib/libobjc.A.dylib)
==1849==    by 0x10024BFEC: _os_object_alloc_realized (in /usr/lib/system/libdispatch.dylib)
==1849==    by 0x100250BC5: _dispatch_lane_create_with_target (in /usr/lib/system/libdispatch.dylib)
==1849==    by 0x1006535F5: _libtrace_init (in /usr/lib/system/libsystem_trace.dylib)
==1849==    by 0x10013B7B0: libSystem_initializer (in /usr/lib/libSystem.B.dylib)
==1849==    by 0x10002B352: ImageLoaderMachO::doModInitFunctions(ImageLoader::LinkContext const&) (in /usr/lib/dyld)
==1849==    by 0x10002B75D: ImageLoaderMachO::doInitialization(ImageLoader::LinkContext const&) (in /usr/lib/dyld)
==1849==    by 0x10002617A: ImageLoader::recursiveInitialization(ImageLoader::LinkContext const&, unsigned int, char const*, ImageLoader::InitializerTimingList&, ImageLoader::UninitedUpwards&) (in /usr/lib/dyld)
==1849==    by 0x1000260E5: ImageLoader::recursiveInitialization(ImageLoader::LinkContext const&, unsigned int, char const*, ImageLoader::InitializerTimingList&, ImageLoader::UninitedUpwards&) (in /usr/lib/dyld)
==1849==    by 0x100024233: ImageLoader::processInitializers(ImageLoader::LinkContext const&, unsigned int, ImageLoader::InitializerTimingList&, ImageLoader::UninitedUpwards&) (in /usr/lib/dyld)
==1849==    by 0x1000242D3: ImageLoader::runInitializers(ImageLoader::LinkContext const&, ImageLoader::InitializerTimingList&) (in /usr/lib/dyld)
==1849== 
==1849== 378 (96 direct, 282 indirect) bytes in 1 blocks are definitely lost in loss record 50 of 60
==1849==    at 0x100128808: calloc (in /goinfre/ohaida/.brew/Cellar/valgrind/HEAD-d14be1d/libexec/valgrind/vgpreload_memcheck-amd64-darwin.so)
==1849==    by 0x1006F3667: objc_msgSend_stret (in /usr/lib/libobjc.A.dylib)
==1849==    by 0x10024BFEC: _os_object_alloc_realized (in /usr/lib/system/libdispatch.dylib)
==1849==    by 0x10068B7D7: xpc_dictionary_create (in /usr/lib/system/libxpc.dylib)
==1849==    by 0x10068BE02: _xpc_dyld_image_callback (in /usr/lib/system/libxpc.dylib)
==1849==    by 0x10001499C: dyld::registerBulkLoadCallback(void (*)(unsigned int, mach_header const**, char const**)) (in /usr/lib/dyld)
==1849==    by 0x10068BD1A: _xpc_collect_images (in /usr/lib/system/libxpc.dylib)
==1849==    by 0x10068B297: _libxpc_initializer (in /usr/lib/system/libxpc.dylib)
==1849==    by 0x10013B7A0: libSystem_initializer (in /usr/lib/libSystem.B.dylib)
==1849==    by 0x10002B352: ImageLoaderMachO::doModInitFunctions(ImageLoader::LinkContext const&) (in /usr/lib/dyld)
==1849==    by 0x10002B75D: ImageLoaderMachO::doInitialization(ImageLoader::LinkContext const&) (in /usr/lib/dyld)
==1849==    by 0x10002617A: ImageLoader::recursiveInitialization(ImageLoader::LinkContext const&, unsigned int, char const*, ImageLoader::InitializerTimingList&, ImageLoader::UninitedUpwards&) (in /usr/lib/dyld)
==1849== 
==1849== 872 (96 direct, 776 indirect) bytes in 1 blocks are definitely lost in loss record 53 of 60
==1849==    at 0x100128808: calloc (in /goinfre/ohaida/.brew/Cellar/valgrind/HEAD-d14be1d/libexec/valgrind/vgpreload_memcheck-amd64-darwin.so)
==1849==    by 0x1006F3667: objc_msgSend_stret (in /usr/lib/libobjc.A.dylib)
==1849==    by 0x10024BFEC: _os_object_alloc_realized (in /usr/lib/system/libdispatch.dylib)
==1849==    by 0x10068B7D7: xpc_dictionary_create (in /usr/lib/system/libxpc.dylib)
==1849==    by 0x10068B659: _xpc_collect_environment (in /usr/lib/system/libxpc.dylib)
==1849==    by 0x10068B292: _libxpc_initializer (in /usr/lib/system/libxpc.dylib)
==1849==    by 0x10013B7A0: libSystem_initializer (in /usr/lib/libSystem.B.dylib)
==1849==    by 0x10002B352: ImageLoaderMachO::doModInitFunctions(ImageLoader::LinkContext const&) (in /usr/lib/dyld)
==1849==    by 0x10002B75D: ImageLoaderMachO::doInitialization(ImageLoader::LinkContext const&) (in /usr/lib/dyld)
==1849==    by 0x10002617A: ImageLoader::recursiveInitialization(ImageLoader::LinkContext const&, unsigned int, char const*, ImageLoader::InitializerTimingList&, ImageLoader::UninitedUpwards&) (in /usr/lib/dyld)
==1849==    by 0x1000260E5: ImageLoader::recursiveInitialization(ImageLoader::LinkContext const&, unsigned int, char const*, ImageLoader::InitializerTimingList&, ImageLoader::UninitedUpwards&) (in /usr/lib/dyld)
==1849==    by 0x100024233: ImageLoader::processInitializers(ImageLoader::LinkContext const&, unsigned int, ImageLoader::InitializerTimingList&, ImageLoader::UninitedUpwards&) (in /usr/lib/dyld)
==1849== 
==1849== 896 bytes in 28 blocks are definitely lost in loss record 54 of 60
==1849==    at 0x100128808: calloc (in /goinfre/ohaida/.brew/Cellar/valgrind/HEAD-d14be1d/libexec/valgrind/vgpreload_memcheck-amd64-darwin.so)
==1849==    by 0x1007045F3: objc::DenseMap<objc_class*, objc_class*, objc::DenseMapValueInfo<objc_class*>, objc::DenseMapInfo<objc_class*>, objc::detail::DenseMapPair<objc_class*, objc_class*> >::grow(unsigned int) (in /usr/lib/libobjc.A.dylib)
==1849==    by 0x1006F0406: objc_opt::objc_stringhash_t::getIndex(char const*) const (in /usr/lib/libobjc.A.dylib)
==1849==    by 0x1007002D0: unmap_image (in /usr/lib/libobjc.A.dylib)
==1849==    by 0x100015667: dyld::notifyBatchPartial(dyld_image_states, bool, char const* (*)(dyld_image_states, unsigned int, dyld_image_info const*), bool, bool) (in /usr/lib/dyld)
==1849==    by 0x100015808: dyld::registerObjCNotifiers(void (*)(unsigned int, char const* const*, mach_header const* const*), void (*)(char const*, mach_header const*), void (*)(char const*, mach_header const*)) (in /usr/lib/dyld)
==1849==    by 0x1002C9AD0: _dyld_objc_notify_register (in /usr/lib/system/libdyld.dylib)
==1849==    by 0x1006EEDAF: map_images_nolock (in /usr/lib/libobjc.A.dylib)
==1849==    by 0x10024BF38: _os_object_init (in /usr/lib/system/libdispatch.dylib)
==1849==    by 0x1002580E7: libdispatch_init (in /usr/lib/system/libdispatch.dylib)
==1849==    by 0x10013B790: libSystem_initializer (in /usr/lib/libSystem.B.dylib)
==1849==    by 0x10002B352: ImageLoaderMachO::doModInitFunctions(ImageLoader::LinkContext const&) (in /usr/lib/dyld)
==1849== 
==1849== 896 bytes in 28 blocks are definitely lost in loss record 55 of 60
==1849==    at 0x100128808: calloc (in /goinfre/ohaida/.brew/Cellar/valgrind/HEAD-d14be1d/libexec/valgrind/vgpreload_memcheck-amd64-darwin.so)
==1849==    by 0x1007045F3: objc::DenseMap<objc_class*, objc_class*, objc::DenseMapValueInfo<objc_class*>, objc::DenseMapInfo<objc_class*>, objc::detail::DenseMapPair<objc_class*, objc_class*> >::grow(unsigned int) (in /usr/lib/libobjc.A.dylib)
==1849==    by 0x1007046C6: objc_class::mangledName() (in /usr/lib/libobjc.A.dylib)
==1849==    by 0x1006F0406: objc_opt::objc_stringhash_t::getIndex(char const*) const (in /usr/lib/libobjc.A.dylib)
==1849==    by 0x1007002D0: unmap_image (in /usr/lib/libobjc.A.dylib)
==1849==    by 0x100015667: dyld::notifyBatchPartial(dyld_image_states, bool, char const* (*)(dyld_image_states, unsigned int, dyld_image_info const*), bool, bool) (in /usr/lib/dyld)
==1849==    by 0x100015808: dyld::registerObjCNotifiers(void (*)(unsigned int, char const* const*, mach_header const* const*), void (*)(char const*, mach_header const*), void (*)(char const*, mach_header const*)) (in /usr/lib/dyld)
==1849==    by 0x1002C9AD0: _dyld_objc_notify_register (in /usr/lib/system/libdyld.dylib)
==1849==    by 0x1006EEDAF: map_images_nolock (in /usr/lib/libobjc.A.dylib)
==1849==    by 0x10024BF38: _os_object_init (in /usr/lib/system/libdispatch.dylib)
==1849==    by 0x1002580E7: libdispatch_init (in /usr/lib/system/libdispatch.dylib)
==1849==    by 0x10013B790: libSystem_initializer (in /usr/lib/libSystem.B.dylib)
==1849== 
==1849== 4,096 bytes in 1 blocks are definitely lost in loss record 60 of 60
==1849==    at 0x100124505: malloc (in /goinfre/ohaida/.brew/Cellar/valgrind/HEAD-d14be1d/libexec/valgrind/vgpreload_memcheck-amd64-darwin.so)
==1849==    by 0x1003C6367: __smakebuf (in /usr/lib/system/libsystem_c.dylib)
==1849==    by 0x1003D9C4D: __swsetup (in /usr/lib/system/libsystem_c.dylib)
==1849==    by 0x1003F294E: __v2printf (in /usr/lib/system/libsystem_c.dylib)
==1849==    by 0x1003CB2B1: vfprintf_l (in /usr/lib/system/libsystem_c.dylib)
==1849==    by 0x1003C941D: printf (in /usr/lib/system/libsystem_c.dylib)
==1849==    by 0x100003C93: main (get_next_line.c:150)
==1849== 
==1849== LEAK SUMMARY:
==1849==    definitely lost: 7,267 bytes in 82 blocks
==1849==    indirectly lost: 1,122 bytes in 18 blocks
==1849==      possibly lost: 0 bytes in 0 blocks
==1849==    still reachable: 0 bytes in 0 blocks
==1849==         suppressed: 10,502 bytes in 78 blocks
==1849== 
==1849== Use --track-origins=yes to see where uninitialised values come from
==1849== For lists of detected and suppressed errors, rerun with: -s
==1849== ERROR SUMMARY: 509 errors from 56 contexts (suppressed: 7 from 7)
